User belongs to experiment group 'pythonaa'
User belongs to experiment group 'pythonJediLSP'
User belongs to experiment group 'pythonSendEntireLineToREPL'
User belongs to experiment group 'pythonNotDisplayLinterPrompt'
User belongs to experiment group 'pythonDiscoveryModulecf'
User belongs to experiment group 'pythonTensorboardExperiment'
User belongs to experiment group 'ShowExtensionSurveyPrompt - enabled'
User belongs to experiment group 'CollectLSRequestTiming - control'
> conda --version
> pyenv root
> python3.7 ~/.vscode/extensions/ms-python.python-2021.3.658691958/pythonFiles/pyvsc-run-isolated.py -c "import sys;print(sys.executable)"
> python3.6 ~/.vscode/extensions/ms-python.python-2021.3.658691958/pythonFiles/pyvsc-run-isolated.py -c "import sys;print(sys.executable)"
> python3 ~/.vscode/extensions/ms-python.python-2021.3.658691958/pythonFiles/pyvsc-run-isolated.py -c "import sys;print(sys.executable)"
> python2 ~/.vscode/extensions/ms-python.python-2021.3.658691958/pythonFiles/pyvsc-run-isolated.py -c "import sys;print(sys.executable)"
> python ~/.vscode/extensions/ms-python.python-2021.3.658691958/pythonFiles/pyvsc-run-isolated.py -c "import sys;print(sys.executable)"
> python ~/.vscode/extensions/ms-python.python-2021.3.658691958/pythonFiles/pyvsc-run-isolated.py -c "import sys;print(sys.executable)"
> conda info --json
> python ~/.vscode/extensions/ms-python.python-2021.3.658691958/pythonFiles/pyvsc-run-isolated.py -c "import sys;print(sys.executable)"
> python ~/.vscode/extensions/ms-python.python-2021.3.658691958/pythonFiles/pyvsc-run-isolated.py -c "import sys;print(sys.executable)"
> python ~/.vscode/extensions/ms-python.python-2021.3.658691958/pythonFiles/pyvsc-run-isolated.py -c "import sys;print(sys.executable)"
> python ~/.vscode/extensions/ms-python.python-2021.3.658691958/pythonFiles/pyvsc-run-isolated.py -c "import sys;print(sys.executable)"
> python ~/.vscode/extensions/ms-python.python-2021.3.658691958/pythonFiles/pyvsc-run-isolated.py -c "import sys;print(sys.executable)"
> python ~/.vscode/extensions/ms-python.python-2021.3.658691958/pythonFiles/pyvsc-run-isolated.py -c "import sys;print(sys.executable)"
> python ~/.vscode/extensions/ms-python.python-2021.3.658691958/pythonFiles/pyvsc-run-isolated.py -c "import sys;print(sys.executable)"
> python ~/.vscode/extensions/ms-python.python-2021.3.658691958/pythonFiles/pyvsc-run-isolated.py -c "import sys;print(sys.executable)"
> python ~/.vscode/extensions/ms-python.python-2021.3.658691958/pythonFiles/pyvsc-run-isolated.py -c "import sys;print(sys.executable)"
> python ~/.vscode/extensions/ms-python.python-2021.3.658691958/pythonFiles/pyvsc-run-isolated.py -c "import sys;print(sys.executable)"
Starting Jedi language server.
Python interpreter path: /usr/bin/python
> python ~/.vscode/extensions/ms-python.python-2021.3.658691958/pythonFiles/pyvsc-run-isolated.py -c "import sys;print(sys.executable)"
> python ~/.vscode/extensions/ms-python.python-2021.3.658691958/pythonFiles/pyvsc-run-isolated.py -c "import sys;print(sys.executable)"
> pyenv root
> python ~/.vscode/extensions/ms-python.python-2021.3.658691958/pythonFiles/pyvsc-run-isolated.py -c "import sys;print(sys.executable)"
> python ~/.vscode/extensions/ms-python.python-2021.3.658691958/pythonFiles/pyvsc-run-isolated.py -c "import sys;print(sys.executable)"
> python ~/.vscode/extensions/ms-python.python-2021.3.658691958/pythonFiles/pyvsc-run-isolated.py -c "import sys;print(sys.executable)"
> python ~/.vscode/extensions/ms-python.python-2021.3.658691958/pythonFiles/pyvsc-run-isolated.py -c "import sys;print(sys.executable)"
> conda --version
> python ~/.vscode/extensions/ms-python.python-2021.3.658691958/pythonFiles/pyvsc-run-isolated.py -c "import sys;print(sys.executable)"
> python ~/.vscode/extensions/ms-python.python-2021.3.658691958/pythonFiles/pyvsc-run-isolated.py -c "import sys;print(sys.executable)"
> python ~/.vscode/extensions/ms-python.python-2021.3.658691958/pythonFiles/pyvsc-run-isolated.py -c "import sys;print(sys.executable)"
> python ~/.vscode/extensions/ms-python.python-2021.3.658691958/pythonFiles/pyvsc-run-isolated.py -c "import sys;print(sys.executable)"
