00:00:00.394084 VirtualBox GUI VM Selector Window 6.1.18 r142142 linux.amd64 (Feb 16 2021 07:45:49) release log
00:00:00.394086 Log opened 2021-03-26T00:57:34.024904000Z
00:00:00.394086 Build Type: release
00:00:00.394088 OS Product: Linux
00:00:00.394090 OS Release: 5.11.9-arch1-1
00:00:00.394091 OS Version: #1 SMP PREEMPT Wed, 24 Mar 2021 18:53:54 +0000
00:00:00.394107 DMI Product Name: HP Notebook
00:00:00.394113 DMI Product Version: Type1ProductConfigId
00:00:00.394117 Firmware type: UEFI
00:00:00.394802 Secure Boot: Disabled
00:00:00.394843 Host RAM: 15898MB (15.5GB) total, 14537MB (14.1GB) available
00:00:00.394846 Executable: /usr/lib/virtualbox/VirtualBox
00:00:00.394847 Process ID: 10620
00:00:00.394847 Package type: LINUX_64BITS_GENERIC (OSE)
00:00:00.394878 Qt version: 5.15.2
00:00:00.408752 GUI: UIMediumEnumerator: Medium-enumeration started...
00:00:00.879759 GUI: UIDesktopWidgetWatchdog::sltHandleHostScreenAvailableGeometryCalculated: Screen 0 work area is actually resized to: 0x0 x 1366x768
00:00:00.893619 GUI: UIMediumEnumerator: Medium-enumeration finished!
00:00:24.212239 GUI: UIMediumEnumerator: Medium with key={{1854a85d-163b-4a6b-ace8-5192ffc93c1f}} created
00:00:24.843839 GUI: UIMediumEnumerator: Medium-enumeration finished!
00:01:00.013911 GUI: UIMediumEnumerator: Medium with key={{f66e8201-624a-491e-bbc4-02c14ceba9b6}} created
00:01:00.237052 GUI: UIMediumEnumerator: Medium-enumeration finished!
00:01:08.982604 GUI: UIMediumEnumerator: Medium-enumeration finished!
00:01:09.343025 GUI: UIMediumEnumerator: Medium-enumeration finished!
00:01:18.284119 ERROR [COM]: aRC=NS_ERROR_UNEXPECTED (0x8000ffff) aIID={c0447716-ff5a-4795-b57a-ecd5fffa18a4} aComponent={SessionWrap} aText={The session is not locked (session state: Unlocked)}, preserve=false aResultDetail=0
