00:00:00.000212 main     VirtualBox XPCOM Server 6.1.18 r142142 linux.amd64 (Feb 16 2021 07:45:49) release log
00:00:00.000225 main     Log opened 2021-03-26T00:57:33.842674000Z
00:00:00.000227 main     Build Type: release
00:00:00.000232 main     OS Product: Linux
00:00:00.000234 main     OS Release: 5.11.9-arch1-1
00:00:00.000235 main     OS Version: #1 SMP PREEMPT Wed, 24 Mar 2021 18:53:54 +0000
00:00:00.000256 main     DMI Product Name: HP Notebook
00:00:00.000266 main     DMI Product Version: Type1ProductConfigId
00:00:00.000271 main     Firmware type: UEFI
00:00:00.001052 main     Secure Boot: Disabled
00:00:00.001103 main     Host RAM: 15898MB (15.5GB) total, 14539MB (14.1GB) available
00:00:00.001106 main     Executable: /usr/lib/virtualbox/VBoxSVC
00:00:00.001107 main     Process ID: 10652
00:00:00.001108 main     Package type: LINUX_64BITS_GENERIC (OSE)
00:00:00.003265 main     IPC socket path: /tmp/.vbox-erick-ipc/ipcd
00:00:00.109105 nspr-2   VirtualBox: object creation starts
00:00:00.109355 nspr-2   Home directory: '/home/erick/.config/VirtualBox'
00:00:00.133424 nspr-2   NetIfAdpCtlOut: VBoxNetAdpCtl: Error while retrieving link speed for wlo1: VBoxNetAdpCtl: ioctl failed: Operation not supported
00:00:00.143016 nspr-2   NetIfAdpCtlOut: VBoxNetAdpCtl: Error while retrieving link status for vmnet1: VBoxNetAdpCtl: ioctl failed: Operation not supported
00:00:00.150565 nspr-2   NetIfAdpCtlOut: VBoxNetAdpCtl: Error while retrieving link status for vmnet8: VBoxNetAdpCtl: ioctl failed: Operation not supported
00:00:00.151095 nspr-2   HostDnsMonitor: initializing
00:00:00.151337 nspr-2   NAT: resolv.conf: nameserver 192.168.0.1
00:00:00.151375 nspr-2   HostDnsMonitor: updating information
00:00:00.151388 nspr-2   HostDnsMonitor: old information
00:00:00.151391 nspr-2     no server entries
00:00:00.151394 nspr-2     no domain set
00:00:00.151397 nspr-2     no search string entries
00:00:00.151399 nspr-2   HostDnsMonitor: new information
00:00:00.151402 nspr-2     server 1: 192.168.0.1
00:00:00.151406 nspr-2     no domain set
00:00:00.151408 nspr-2     no search string entries
00:00:00.153647 nspr-2   Failed to open "/dev/vboxdrvu", errno=2, rc=VERR_VM_DRIVER_NOT_INSTALLED
00:00:00.153796 nspr-2   VD: VDInit finished with VINF_SUCCESS
00:00:00.153865 nspr-2   ERROR [COM]: aRC=NS_ERROR_FAILURE (0x80004005) aIID={027bc463-929c-40e8-bf16-fea557cd8e7e} aComponent={SystemPropertiesWrap} aText={Cannot determine default Guest Additions ISO location. Most likely they are not available}, preserve=false aResultDetail=0
00:00:00.154293 nspr-2   VirtualBox: object created
00:00:02.823732 nspr-2   Failed to open "/dev/vboxdrvu", errno=2, rc=VERR_VM_DRIVER_NOT_INSTALLED
00:00:02.827705 nspr-2   Failed to open "/dev/vboxdrvu", errno=2, rc=VERR_VM_DRIVER_NOT_INSTALLED
00:00:23.381130 createBase Saving settings file "/home/erick/.config/VirtualBox/VirtualBox.xml" with version "1.12-linux"
00:00:24.042261 nspr-3   Saving settings file "/home/erick/VirtualBox VMs/fedora/fedora.vbox" with version "1.16-linux"
00:00:24.125148 nspr-4   WARNING [COM]: aRC=NS_ERROR_FAILURE (0x80004005) aIID={16ced992-5fdc-4aba-aff5-6a39bbd7c38b} aComponent={HostWrap} aText={Could not load the Host USB Proxy service: VERR_NOT_FOUND}, preserve=true  aResultDetail=0
00:00:24.131293 nspr-3   Saving settings file "/home/erick/VirtualBox VMs/fedora/fedora.vbox" with version "1.16-linux"
00:00:24.202345 nspr-3   Saving settings file "/home/erick/.config/VirtualBox/VirtualBox.xml" with version "1.12-linux"
00:00:24.288329 nspr-3   Saving settings file "/home/erick/.config/VirtualBox/VirtualBox.xml" with version "1.12-linux"
00:00:24.366163 nspr-2   Saving settings file "/home/erick/VirtualBox VMs/fedora/fedora.vbox" with version "1.16-linux"
00:00:24.978345 nspr-3   WARNING [COM]: aRC=NS_ERROR_FAILURE (0x80004005) aIID={16ced992-5fdc-4aba-aff5-6a39bbd7c38b} aComponent={HostWrap} aText={Could not load the Host USB Proxy service: VERR_NOT_FOUND}, preserve=true  aResultDetail=0
00:00:25.025469 nspr-4   Failed to open "/dev/vboxdrvu", errno=2, rc=VERR_VM_DRIVER_NOT_INSTALLED
00:00:25.202743 nspr-3   WARNING [COM]: aRC=NS_ERROR_FAILURE (0x80004005) aIID={16ced992-5fdc-4aba-aff5-6a39bbd7c38b} aComponent={HostWrap} aText={Could not load the Host USB Proxy service: VERR_NOT_FOUND}, preserve=true  aResultDetail=0
00:00:25.203928 nspr-3   WARNING [COM]: aRC=NS_ERROR_FAILURE (0x80004005) aIID={16ced992-5fdc-4aba-aff5-6a39bbd7c38b} aComponent={HostWrap} aText={Could not load the Host USB Proxy service: VERR_NOT_FOUND}, preserve=true  aResultDetail=0
00:00:30.151409 nspr-4   Failed to open "/dev/vboxdrvu", errno=2, rc=VERR_VM_DRIVER_NOT_INSTALLED
00:00:30.373945 nspr-4   WARNING [COM]: aRC=NS_ERROR_FAILURE (0x80004005) aIID={16ced992-5fdc-4aba-aff5-6a39bbd7c38b} aComponent={HostWrap} aText={Could not load the Host USB Proxy service: VERR_NOT_FOUND}, preserve=true  aResultDetail=0
00:00:31.167748 nspr-2   Failed to open "/dev/vboxdrvu", errno=2, rc=VERR_VM_DRIVER_NOT_INSTALLED
00:00:31.168162 nspr-4   Failed to open "/dev/vboxdrvu", errno=2, rc=VERR_VM_DRIVER_NOT_INSTALLED
00:00:31.168530 nspr-2   Failed to open "/dev/vboxdrvu", errno=2, rc=VERR_VM_DRIVER_NOT_INSTALLED
00:00:31.192912 nspr-4   NetIfAdpCtlOut: VBoxNetAdpCtl: Error while retrieving link speed for wlo1: VBoxNetAdpCtl: ioctl failed: Operation not supported
00:00:31.198547 nspr-4   NetIfAdpCtlOut: VBoxNetAdpCtl: Error while retrieving link status for vmnet1: VBoxNetAdpCtl: ioctl failed: Operation not supported
00:00:31.204593 nspr-4   NetIfAdpCtlOut: VBoxNetAdpCtl: Error while retrieving link status for vmnet8: VBoxNetAdpCtl: ioctl failed: Operation not supported
00:00:31.212347 nspr-4   NetIfAdpCtlOut: VBoxNetAdpCtl: Error while retrieving link speed for wlo1: VBoxNetAdpCtl: ioctl failed: Operation not supported
00:00:31.217982 nspr-4   NetIfAdpCtlOut: VBoxNetAdpCtl: Error while retrieving link status for vmnet1: VBoxNetAdpCtl: ioctl failed: Operation not supported
00:00:31.223650 nspr-4   NetIfAdpCtlOut: VBoxNetAdpCtl: Error while retrieving link status for vmnet8: VBoxNetAdpCtl: ioctl failed: Operation not supported
00:00:31.248173 nspr-2   WARNING [COM]: aRC=NS_ERROR_FAILURE (0x80004005) aIID={16ced992-5fdc-4aba-aff5-6a39bbd7c38b} aComponent={HostWrap} aText={Could not load the Host USB Proxy service: VERR_NOT_FOUND}, preserve=true  aResultDetail=0
00:00:31.248876 nspr-2   WARNING [COM]: aRC=NS_ERROR_FAILURE (0x80004005) aIID={16ced992-5fdc-4aba-aff5-6a39bbd7c38b} aComponent={HostWrap} aText={Could not load the Host USB Proxy service: VERR_NOT_FOUND}, preserve=true  aResultDetail=0
00:00:31.380343 nspr-4   Failed to open "/dev/vboxdrvu", errno=2, rc=VERR_VM_DRIVER_NOT_INSTALLED
00:00:31.393257 nspr-4   WARNING [COM]: aRC=NS_ERROR_FAILURE (0x80004005) aIID={16ced992-5fdc-4aba-aff5-6a39bbd7c38b} aComponent={HostWrap} aText={Could not load the Host USB Proxy service: VERR_NOT_FOUND}, preserve=true  aResultDetail=0
00:00:31.394240 nspr-4   WARNING [COM]: aRC=NS_ERROR_FAILURE (0x80004005) aIID={16ced992-5fdc-4aba-aff5-6a39bbd7c38b} aComponent={HostWrap} aText={Could not load the Host USB Proxy service: VERR_NOT_FOUND}, preserve=true  aResultDetail=0
00:00:59.803952 nspr-2   Saving settings file "/home/erick/.config/VirtualBox/VirtualBox.xml" with version "1.12-linux"
00:00:59.880253 nspr-4   Saving settings file "/home/erick/.config/VirtualBox/VirtualBox.xml" with version "1.12-linux"
00:01:08.747175 nspr-2   Saving settings file "/home/erick/.config/VirtualBox/VirtualBox.xml" with version "1.12-linux"
00:01:08.781063 nspr-4   Failed to open "/dev/vboxdrvu", errno=2, rc=VERR_VM_DRIVER_NOT_INSTALLED
00:01:08.806694 nspr-4   WARNING [COM]: aRC=NS_ERROR_FAILURE (0x80004005) aIID={16ced992-5fdc-4aba-aff5-6a39bbd7c38b} aComponent={HostWrap} aText={Could not load the Host USB Proxy service: VERR_NOT_FOUND}, preserve=true  aResultDetail=0
00:01:08.807799 nspr-4   WARNING [COM]: aRC=NS_ERROR_FAILURE (0x80004005) aIID={16ced992-5fdc-4aba-aff5-6a39bbd7c38b} aComponent={HostWrap} aText={Could not load the Host USB Proxy service: VERR_NOT_FOUND}, preserve=true  aResultDetail=0
00:01:08.948685 nspr-2   WARNING [COM]: aRC=NS_ERROR_FAILURE (0x80004005) aIID={16ced992-5fdc-4aba-aff5-6a39bbd7c38b} aComponent={HostWrap} aText={Could not load the Host USB Proxy service: VERR_NOT_FOUND}, preserve=true  aResultDetail=0
00:01:08.949281 nspr-2   Saving settings file "/home/erick/VirtualBox VMs/fedora/fedora.vbox" with version "1.16-linux"
00:01:09.143543 nspr-3   Failed to open "/dev/vboxdrvu", errno=2, rc=VERR_VM_DRIVER_NOT_INSTALLED
00:01:09.172926 nspr-3   WARNING [COM]: aRC=NS_ERROR_FAILURE (0x80004005) aIID={16ced992-5fdc-4aba-aff5-6a39bbd7c38b} aComponent={HostWrap} aText={Could not load the Host USB Proxy service: VERR_NOT_FOUND}, preserve=true  aResultDetail=0
00:01:09.173930 nspr-3   WARNING [COM]: aRC=NS_ERROR_FAILURE (0x80004005) aIID={16ced992-5fdc-4aba-aff5-6a39bbd7c38b} aComponent={HostWrap} aText={Could not load the Host USB Proxy service: VERR_NOT_FOUND}, preserve=true  aResultDetail=0
00:01:10.188158 nspr-4   Launched VM: 671100944 pid: 10739 (0x29f3) frontend: GUI/Qt name: fedora
00:01:10.250402 nspr-2   Failed to open "/dev/vboxdrvu", errno=2, rc=VERR_VM_DRIVER_NOT_INSTALLED
00:01:10.280716 nspr-2   WARNING [COM]: aRC=NS_ERROR_FAILURE (0x80004005) aIID={16ced992-5fdc-4aba-aff5-6a39bbd7c38b} aComponent={HostWrap} aText={Could not load the Host USB Proxy service: VERR_NOT_FOUND}, preserve=true  aResultDetail=0
00:01:10.281965 nspr-2   WARNING [COM]: aRC=NS_ERROR_FAILURE (0x80004005) aIID={16ced992-5fdc-4aba-aff5-6a39bbd7c38b} aComponent={HostWrap} aText={Could not load the Host USB Proxy service: VERR_NOT_FOUND}, preserve=true  aResultDetail=0
00:01:10.689518 Watcher  ERROR [COM]: aRC=NS_ERROR_FAILURE (0x80004005) aIID={85632c68-b5bb-4316-a900-5eb28d3413df} aComponent={MachineWrap} aText={The virtual machine 'fedora' has terminated unexpectedly during startup with exit code 1 (0x1)}, preserve=false aResultDetail=0
00:01:11.280971 nspr-4   Failed to open "/dev/vboxdrvu", errno=2, rc=VERR_VM_DRIVER_NOT_INSTALLED
00:01:11.310403 nspr-4   WARNING [COM]: aRC=NS_ERROR_FAILURE (0x80004005) aIID={16ced992-5fdc-4aba-aff5-6a39bbd7c38b} aComponent={HostWrap} aText={Could not load the Host USB Proxy service: VERR_NOT_FOUND}, preserve=true  aResultDetail=0
00:01:11.311714 nspr-2   WARNING [COM]: aRC=NS_ERROR_FAILURE (0x80004005) aIID={16ced992-5fdc-4aba-aff5-6a39bbd7c38b} aComponent={HostWrap} aText={Could not load the Host USB Proxy service: VERR_NOT_FOUND}, preserve=true  aResultDetail=0
00:01:20.347512 nspr-3   Saving settings file "/home/erick/.config/VirtualBox/VirtualBox.xml" with version "1.12-linux"
00:01:20.474229 nspr-5   Saving settings file "/home/erick/.config/VirtualBox/VirtualBox.xml" with version "1.12-linux"
00:01:20.557725 nspr-5   Saving settings file "/home/erick/.config/VirtualBox/VirtualBox.xml" with version "1.12-linux"
00:01:20.629072 nspr-3   Saving settings file "/home/erick/.config/VirtualBox/VirtualBox.xml" with version "1.12-linux"
00:01:20.746129 nspr-5   Saving settings file "/home/erick/.config/VirtualBox/VirtualBox.xml" with version "1.12-linux"
00:01:20.844624 nspr-5   Saving settings file "/home/erick/.config/VirtualBox/VirtualBox.xml" with version "1.12-linux"
00:01:20.912438 nspr-4   Saving settings file "/home/erick/.config/VirtualBox/VirtualBox.xml" with version "1.12-linux"
00:01:26.512414 main     VirtualBox: object deletion starts
00:01:26.512476 main     ERROR [COM]: aRC=VBOX_E_OBJECT_IN_USE (0x80bb000c) aIID={ad47ad09-787b-44ab-b343-a082a3f2dfb1} aComponent={MediumWrap} aText={Medium '/home/erick/VirtualBox VMs/fedora/fedora.vdi' cannot be closed because it is still attached to 1 virtual machines}, preserve=false aResultDetail=0
00:01:26.512955 main     HostDnsMonitor: shutting down ...
00:01:26.524585 main     HostDnsMonitor: shut down
00:01:26.695851 Watcher  ERROR [COM]: aRC=E_ACCESSDENIED (0x80070005) aIID={d0a0163f-e254-4e5b-a1f2-011cf991c38d} aComponent={VirtualBoxWrap} aText={The object is not ready}, preserve=false aResultDetail=0
00:01:27.056899 main     VirtualBox: object deleted
